2023-11-14T12:42:05.993Z 0: 

----------------------------------------------
2023-11-14T12:42:06.003Z 1: Discord starting: {"releaseChannel":"stable","version":"0.0.35"}, modulepath: /home/jesse/.config/discord/0.0.35/modules
2023-11-14T12:42:06.007Z 2: ✅ webContents.created web1 ""
2023-11-14T12:42:06.025Z 3: ✅ window.created win1 "discord"
2023-11-14T12:42:06.121Z 4: ✅ webContents.did-finish-load web1
2023-11-14T12:42:09.490Z 5: ✅ webContents.created web2 ""
2023-11-14T12:42:09.495Z 6: ✅ window.created win2 "Discord"
2023-11-14T12:42:10.845Z 7: ✅ webContents.did-finish-load web2
2023-11-14T12:42:10.944Z 8: window.close win1
2023-11-14T12:42:10.965Z 9: webContents.destroyed web1
2023-11-14T12:42:10.972Z 10: window.closed win1
2023-11-14T15:11:43.299Z 11: ✅ webContents.created web3 ""
2023-11-14T15:11:43.309Z 12: ✅ window.created win3 "Discord Popout"
2023-11-14T15:11:43.470Z 13: ✅ webContents.did-finish-load web3
2023-11-14T15:56:51.309Z 14: before-quit
2023-11-14T15:56:51.383Z 15: window.close win2
2023-11-15T06:20:36.499Z 0: 

----------------------------------------------
2023-11-15T06:20:36.511Z 1: Discord starting: {"releaseChannel":"stable","version":"0.0.35"}, modulepath: /home/jesse/.config/discord/0.0.35/modules
2023-11-15T06:20:36.515Z 2: ✅ webContents.created web1 ""
2023-11-15T06:20:36.519Z 3: ✅ window.created win1 "discord"
2023-11-15T06:20:36.634Z 4: ✅ webContents.did-finish-load web1
2023-11-15T06:20:36.927Z 5: ✅ webContents.created web2 ""
2023-11-15T06:20:36.931Z 6: ✅ window.created win2 "Discord"
2023-11-15T06:20:38.499Z 7: ✅ webContents.did-finish-load web2
2023-11-15T06:20:38.599Z 8: window.close win1
2023-11-15T06:20:38.604Z 9: webContents.destroyed web1
2023-11-15T06:20:38.606Z 10: window.closed win1
2023-11-15T06:28:38.400Z 11: before-quit
2023-11-15T06:28:38.411Z 12: window.close win2
2023-11-15T06:28:38.465Z 13: webContents.destroyed web2
2023-11-15T06:28:44.067Z 0: 

----------------------------------------------
2023-11-15T06:28:44.081Z 1: Discord starting: {"releaseChannel":"stable","version":"0.0.35"}, modulepath: /home/jesse/.config/discord/0.0.35/modules
2023-11-15T06:28:44.084Z 2: ✅ webContents.created web1 ""
2023-11-15T06:28:44.087Z 3: ✅ window.created win1 "discord"
2023-11-15T06:28:44.194Z 4: ✅ webContents.did-finish-load web1
2023-11-15T06:28:44.475Z 5: ✅ webContents.created web2 ""
2023-11-15T06:28:44.479Z 6: ✅ window.created win2 "Discord"
2023-11-15T06:28:46.094Z 7: ❌ webContents.did-fail-load web2" -3 
2023-11-15T06:28:46.777Z 8: ✅ webContents.did-finish-load web2
2023-11-15T06:28:46.876Z 9: window.close win1
2023-11-15T06:28:46.879Z 10: webContents.destroyed web1
2023-11-15T06:28:46.883Z 11: window.closed win1
