2023-11-15 07:32:06.335 [info] Log level: Info
2023-11-15 07:32:06.335 [info] Validating found git in: "git"
2023-11-15 07:32:06.335 [info] Using git "2.42.1" from "git"
2023-11-15 07:32:06.335 [info] > git rev-parse --show-toplevel [1ms]
2023-11-15 07:32:06.335 [info] > git rev-parse --git-dir --git-common-dir [1ms]
2023-11-15 07:32:06.335 [info] Open repository: /home/jesse/.config/dotfiles
2023-11-15 07:32:06.335 [info] > git config --get commit.template [1ms]
2023-11-15 07:32:06.335 [info] > git for-each-ref --format=%(refname)%00%(upstream:short)%00%(objectname)%00%(upstream:track)%00%(upstream:remotename)%00%(upstream:remoteref) refs/heads/main refs/remotes/main [1ms]
2023-11-15 07:32:06.335 [info] > git status -z -uall [7ms]
2023-11-15 07:32:06.335 [info] > git config --get commit.template [2ms]
2023-11-15 07:32:06.335 [info] > git for-each-ref --format=%(refname)%00%(upstream:short)%00%(objectname)%00%(upstream:track)%00%(upstream:remotename)%00%(upstream:remoteref) refs/heads/main refs/remotes/main [1ms]
2023-11-15 07:32:06.345 [info] > git status -z -uall [7ms]
2023-11-15 07:32:06.851 [info] > git check-ignore -v -z --stdin [0ms]
2023-11-15 07:32:17.899 [info] > git show --textconv :README.md [5ms]
2023-11-15 07:32:17.900 [info] > git ls-files --stage -- /home/jesse/.config/dotfiles/README.md [3ms]
2023-11-15 07:32:17.906 [info] > git cat-file -s a413f766c09c748c7c6ece2c611a773b3eacc965 [4ms]
2023-11-15 07:32:18.882 [info] > git show --textconv :.gitattributes [3ms]
2023-11-15 07:32:18.882 [info] > git ls-files --stage -- /home/jesse/.config/dotfiles/.gitattributes [1ms]
2023-11-15 07:32:18.885 [info] > git cat-file -s dfe0770424b2a19faf507a501ebfc23be8f54e7b [1ms]
2023-11-15 07:32:20.151 [info] > git show --textconv :README.md [8ms]
2023-11-15 07:32:20.152 [info] > git ls-files --stage -- /home/jesse/.config/dotfiles/README.md [2ms]
2023-11-15 07:32:20.155 [info] > git cat-file -s a413f766c09c748c7c6ece2c611a773b3eacc965 [1ms]
