2023-11-13 17:41:04.590 [info] Log level: Info
2023-11-13 17:41:04.590 [info] Validating found git in: "git"
2023-11-13 17:41:04.590 [info] Using git "2.42.1" from "git"
2023-11-13 17:41:04.590 [info] > git rev-parse --show-toplevel [1ms]
2023-11-13 17:41:04.590 [info] fatal: not a git repository (or any parent up to mount point /)
Stopping at filesystem boundary (GIT_DISCOVERY_ACROSS_FILESYSTEM not set).
2023-11-13 17:41:04.590 [info] > git rev-parse --show-toplevel [1ms]
2023-11-13 17:41:04.590 [info] fatal: not a git repository (or any parent up to mount point /)
Stopping at filesystem boundary (GIT_DISCOVERY_ACROSS_FILESYSTEM not set).
2023-11-13 17:41:04.590 [info] > git rev-parse --show-toplevel [2ms]
2023-11-13 17:41:04.590 [info] fatal: not a git repository (or any parent up to mount point /)
Stopping at filesystem boundary (GIT_DISCOVERY_ACROSS_FILESYSTEM not set).
2023-11-13 17:41:04.593 [info] > git rev-parse --show-toplevel [0ms]
2023-11-13 17:41:04.593 [info] fatal: not a git repository (or any parent up to mount point /)
Stopping at filesystem boundary (GIT_DISCOVERY_ACROSS_FILESYSTEM not set).
2023-11-13 17:41:04.596 [info] > git rev-parse --show-toplevel [0ms]
2023-11-13 17:41:04.596 [info] fatal: not a git repository (or any parent up to mount point /)
Stopping at filesystem boundary (GIT_DISCOVERY_ACROSS_FILESYSTEM not set).
2023-11-13 17:41:04.599 [info] > git rev-parse --show-toplevel [1ms]
2023-11-13 17:41:04.599 [info] fatal: not a git repository (or any parent up to mount point /)
Stopping at filesystem boundary (GIT_DISCOVERY_ACROSS_FILESYSTEM not set).
2023-11-13 17:41:04.602 [info] > git rev-parse --show-toplevel [1ms]
2023-11-13 17:41:04.602 [info] fatal: not a git repository (or any parent up to mount point /)
Stopping at filesystem boundary (GIT_DISCOVERY_ACROSS_FILESYSTEM not set).
2023-11-13 17:41:04.605 [info] > git rev-parse --show-toplevel [0ms]
2023-11-13 17:41:04.605 [info] fatal: not a git repository (or any parent up to mount point /)
Stopping at filesystem boundary (GIT_DISCOVERY_ACROSS_FILESYSTEM not set).
